# JRE version: OpenJDK Runtime Environment (8.0_152-b06) (build 1.8.0_152-release-915-b6)
# Java VM: OpenJDK 64-Bit Server VM (25.152-b6 mixed mode linux-amd64 compressed oops)
Heap:
 par new generation   total 39296K, used 15216K [0x00000000d1200000, 0x00000000d3ca0000, 0x00000000db860000)
  eden space 34944K,  37% used [0x00000000d1200000, 0x00000000d1eb5e48, 0x00000000d3420000)
  from space 4352K,  50% used [0x00000000d3420000, 0x00000000d3646200, 0x00000000d3860000)
  to   space 4352K,   0% used [0x00000000d3860000, 0x00000000d3860000, 0x00000000d3ca0000)
 concurrent mark-sweep generation total 289504K, used 266618K [0x00000000db860000, 0x00000000ed318000, 0x0000000100000000)
 Metaspace       used 179742K, capacity 192257K, committed 192508K, reserved 1216512K
  class space    used 23025K, capacity 25551K, committed 25640K, reserved 1048576K
GC Heap History (10 events):
Event: 27319.147 GC heap before
{Heap before GC invocations=845 (full 12):
 par new generation   total 39296K, used 37351K [0x00000000d1200000, 0x00000000d3ca0000, 0x00000000db860000)
  eden space 34944K, 100% used [0x00000000d1200000, 0x00000000d3420000, 0x00000000d3420000)
  from space 4352K,  55% used [0x00000000d3860000, 0x00000000d3ab9df8, 0x00000000d3ca0000)
  to   space 4352K,   0% used [0x00000000d3420000, 0x00000000d3420000, 0x00000000d3860000)
 concurrent mark-sweep generation total 289504K, used 264677K [0x00000000db860000, 0x00000000ed318000, 0x0000000100000000)
 Metaspace       used 179445K, capacity 191943K, committed 192124K, reserved 1216512K
  class space    used 22957K, capacity 25474K, committed 25512K, reserved 1048576K
Event: 27319.156 GC heap after
Heap after GC invocations=846 (full 12):
 par new generation   total 39296K, used 3763K [0x00000000d1200000, 0x00000000d3ca0000, 0x00000000db860000)
  eden space 34944K,   0% used [0x00000000d1200000, 0x00000000d1200000, 0x00000000d3420000)
  from space 4352K,  86% used [0x00000000d3420000, 0x00000000d37ccdf0, 0x00000000d3860000)
  to   space 4352K,   0% used [0x00000000d3860000, 0x00000000d3860000, 0x00000000d3ca0000)
 concurrent mark-sweep generation total 289504K, used 264679K [0x00000000db860000, 0x00000000ed318000, 0x0000000100000000)
 Metaspace       used 179445K, capacity 191943K, committed 192124K, reserved 1216512K
  class space    used 22957K, capacity 25474K, committed 25512K, reserved 1048576K
}
Event: 27341.494 GC heap before
{Heap before GC invocations=846 (full 12):
 par new generation   total 39296K, used 38705K [0x00000000d1200000, 0x00000000d3ca0000, 0x00000000db860000)
  eden space 34944K,  99% used [0x00000000d1200000, 0x00000000d341f650, 0x00000000d3420000)
  from space 4352K,  86% used [0x00000000d3420000, 0x00000000d37ccdf0, 0x00000000d3860000)
  to   space 4352K,   0% used [0x00000000d3860000, 0x00000000d3860000, 0x00000000d3ca0000)
 concurrent mark-sweep generation total 289504K, used 264679K [0x00000000db860000, 0x00000000ed318000, 0x0000000100000000)
 Metaspace       used 179726K, capacity 192257K, committed 192508K, reserved 1216512K
  class space    used 23024K, capacity 25551K, committed 25640K, reserved 1048576K
Event: 27341.507 GC heap after
Heap after GC invocations=847 (full 12):
 par new generation   total 39296K, used 3330K [0x00000000d1200000, 0x00000000d3ca0000, 0x00000000db860000)
  eden space 34944K,   0% used [0x00000000d1200000, 0x00000000d1200000, 0x00000000d3420000)
  from space 4352K,  76% used [0x00000000d3860000, 0x00000000d3ba09a8, 0x00000000d3ca0000)
  to   space 4352K,   0% used [0x00000000d3420000, 0x00000000d3420000, 0x00000000d3860000)
 concurrent mark-sweep generation total 289504K, used 264867K [0x00000000db860000, 0x00000000ed318000, 0x0000000100000000)
 Metaspace       used 179726K, capacity 192257K, committed 192508K, reserved 1216512K
  class space    used 23024K, capacity 25551K, committed 25640K, reserved 1048576K
}
Event: 27341.985 GC heap before
{Heap before GC invocations=847 (full 12):
 par new generation   total 39296K, used 38274K [0x00000000d1200000, 0x00000000d3ca0000, 0x00000000db860000)
  eden space 34944K, 100% used [0x00000000d1200000, 0x00000000d3420000, 0x00000000d3420000)
  from space 4352K,  76% used [0x00000000d3860000, 0x00000000d3ba09a8, 0x00000000d3ca0000)
  to   space 4352K,   0% used [0x00000000d3420000, 0x00000000d3420000, 0x00000000d3860000)
 concurrent mark-sweep generation total 289504K, used 264867K [0x00000000db860000, 0x00000000ed318000, 0x0000000100000000)
 Metaspace       used 179738K, capacity 192257K, committed 192508K, reserved 1216512K
  class space    used 23025K, capacity 25551K, committed 25640K, reserved 1048576K
Event: 27341.995 GC heap after
Heap after GC invocations=848 (full 12):
 par new generation   total 39296K, used 4321K [0x00000000d1200000, 0x00000000d3ca0000, 0x00000000db860000)
  eden space 34944K,   0% used [0x00000000d1200000, 0x00000000d1200000, 0x00000000d3420000)
  from space 4352K,  99% used [0x00000000d3420000, 0x00000000d38584a0, 0x00000000d3860000)
  to   space 4352K,   0% used [0x00000000d3860000, 0x00000000d3860000, 0x00000000d3ca0000)
 concurrent mark-sweep generation total 289504K, used 265216K [0x00000000db860000, 0x00000000ed318000, 0x0000000100000000)
 Metaspace       used 179738K, capacity 192257K, committed 192508K, reserved 1216512K
  class space    used 23025K, capacity 25551K, committed 25640K, reserved 1048576K
}
Event: 27342.356 GC heap before
{Heap before GC invocations=848 (full 12):
 par new generation   total 39296K, used 39265K [0x00000000d1200000, 0x00000000d3ca0000, 0x00000000db860000)
  eden space 34944K, 100% used [0x00000000d1200000, 0x00000000d3420000, 0x00000000d3420000)
  from space 4352K,  99% used [0x00000000d3420000, 0x00000000d38584a0, 0x00000000d3860000)
  to   space 4352K,   0% used [0x00000000d3860000, 0x00000000d3860000, 0x00000000d3ca0000)
 concurrent mark-sweep generation total 289504K, used 265216K [0x00000000db860000, 0x00000000ed318000, 0x0000000100000000)
 Metaspace       used 179742K, capacity 192257K, committed 192508K, reserved 1216512K
  class space    used 23025K, capacity 25551K, committed 25640K, reserved 1048576K
Event: 27342.367 GC heap after
Heap after GC invocations=849 (full 12):
 par new generation   total 39296K, used 2953K [0x00000000d1200000, 0x00000000d3ca0000, 0x00000000db860000)
  eden space 34944K,   0% used [0x00000000d1200000, 0x00000000d1200000, 0x00000000d3420000)
  from space 4352K,  67% used [0x00000000d3860000, 0x00000000d3b42740, 0x00000000d3ca0000)
  to   space 4352K,   0% used [0x00000000d3420000, 0x00000000d3420000, 0x00000000d3860000)
 concurrent mark-sweep generation total 289504K, used 265722K [0x00000000db860000, 0x00000000ed318000, 0x0000000100000000)
 Metaspace       used 179742K, capacity 192257K, committed 192508K, reserved 1216512K
  class space    used 23025K, capacity 25551K, committed 25640K, reserved 1048576K
}
Event: 27350.119 GC heap before
{Heap before GC invocations=849 (full 12):
 par new generation   total 39296K, used 37897K [0x00000000d1200000, 0x00000000d3ca0000, 0x00000000db860000)
  eden space 34944K, 100% used [0x00000000d1200000, 0x00000000d3420000, 0x00000000d3420000)
  from space 4352K,  67% used [0x00000000d3860000, 0x00000000d3b42740, 0x00000000d3ca0000)
  to   space 4352K,   0% used [0x00000000d3420000, 0x00000000d3420000, 0x00000000d3860000)
 concurrent mark-sweep generation total 289504K, used 265722K [0x00000000db860000, 0x00000000ed318000, 0x0000000100000000)
 Metaspace       used 179742K, capacity 192257K, committed 192508K, reserved 1216512K
  class space    used 23025K, capacity 25551K, committed 25640K, reserved 1048576K
Event: 27350.134 GC heap after
Heap after GC invocations=850 (full 12):
 par new generation   total 39296K, used 2200K [0x00000000d1200000, 0x00000000d3ca0000, 0x00000000db860000)
  eden space 34944K,   0% used [0x00000000d1200000, 0x00000000d1200000, 0x00000000d3420000)
  from space 4352K,  50% used [0x00000000d3420000, 0x00000000d3646200, 0x00000000d3860000)
  to   space 4352K,   0% used [0x00000000d3860000, 0x00000000d3860000, 0x00000000d3ca0000)
 concurrent mark-sweep generation total 289504K, used 266618K [0x00000000db860000, 0x00000000ed318000, 0x0000000100000000)
 Metaspace       used 179742K, capacity 192257K, committed 192508K, reserved 1216512K
  class space    used 23025K, capacity 25551K, committed 25640K, reserved 1048576K
}

